<?xml version="1.0" encoding="UTF-8"?>
<!-- Generated by org.testng.reporters.JUnitReportReporter -->
<testsuite hostname="DESKTOP-R7F4RG8" failures="0" tests="2" name="Pramod.TheTestingAcademy.VwoLogin" time="17.877" errors="0" timestamp="2023-07-25T14:26:52 IST" skipped="0">
  <testcase classname="Pramod.TheTestingAcademy.VwoLogin" name="TestInvalidLogin" time="12.020"/>
  <system-out/>
  <testcase classname="Pramod.TheTestingAcademy.VwoLogin" name="TestValidLogin" time="5.857"/>
  <system-out/>
</testsuite> <!-- Pramod.TheTestingAcademy.VwoLogin -->
