<?xml version="1.0" encoding="UTF-8"?>
<!-- Generated by org.testng.reporters.JUnitReportReporter -->
<testsuite hostname="LPCD-2TBFS93" failures="0" tests="1" name="DataDrivenTesting.Excel" time="0.739" errors="0" timestamp="2023-08-23T21:04:55 GMT+05:30" skipped="0">
  <testcase classname="DataDrivenTesting.Excel" name="getExcel" time="0.739"/>
  <system-out/>
</testsuite> <!-- DataDrivenTesting.Excel -->
