<?xml version="1.0" encoding="UTF-8"?>
<!-- Generated by org.testng.reporters.JUnitReportReporter -->
<testsuite hostname="LPCD-2TBFS93" failures="0" tests="3" name="DataDrivenTesting.DataProviderTesting" time="0.070" errors="0" timestamp="2023-08-23T21:25:52 GMT+05:30" skipped="0">
  <testcase classname="DataDrivenTesting.DataProviderTesting" name="dataDriven" time="0.062"/>
  <system-out/>
  <testcase classname="DataDrivenTesting.DataProviderTesting" name="dataDriven" time="0.003"/>
  <system-out/>
  <testcase classname="DataDrivenTesting.DataProviderTesting" name="dataDriven" time="0.005"/>
  <system-out/>
</testsuite> <!-- DataDrivenTesting.DataProviderTesting -->
