<?xml version="1.0" encoding="UTF-8"?>
<!-- Generated by org.testng.reporters.JUnitReportReporter -->
<testsuite hostname="DESKTOP-R7F4RG8" failures="0" tests="1" name="Pramod.TheTestingAcademy.OpenCloseBrowser2" time="10.511" errors="0" timestamp="2023-07-22T13:41:31 IST" skipped="0">
  <testcase classname="Pramod.TheTestingAcademy.OpenCloseBrowser2" name="openClosebrowser" time="10.511"/>
  <system-out/>
</testsuite> <!-- Pramod.TheTestingAcademy.OpenCloseBrowser2 -->
