<?xml version="1.0" encoding="UTF-8"?>
<!-- Generated by org.testng.reporters.JUnitReportReporter -->
<testsuite hostname="LPCD-2TBFS93" failures="0" tests="3" name="DataDrivenTesting.ExcelDataProvider" time="0.168" errors="0" timestamp="2023-08-23T19:59:59 GMT+05:30" skipped="0">
  <testcase classname="DataDrivenTesting.ExcelDataProvider" name="dataDriven" time="0.162"/>
  <system-out/>
  <testcase classname="DataDrivenTesting.ExcelDataProvider" name="dataDriven" time="0.003"/>
  <system-out/>
  <testcase classname="DataDrivenTesting.ExcelDataProvider" name="dataDriven" time="0.003"/>
  <system-out/>
</testsuite> <!-- DataDrivenTesting.ExcelDataProvider -->
